生成启动时间为 2014/9/19 21:29:20。
     1>项目“F:\Documents\OpenGL\demo\demo.vcxproj”在节点 2 上(build 个目标)。
     1>InitializeBuildStatus:
         正在创建“Release\demo.unsuccessfulbuild”，因为已指定“AlwaysCreate”。
       ClCompile:
         D:\Program Files (x86)\Microsoft Visual Studio 10.0\VC\bin\CL.exe /c /Zi /nologo /W3 /WX- /O2 /Oi /Oy- /GL /D WIN32 /D NDEBUG /D _CONSOLE /Gm- /EHsc /MD /GS /Gy /fp:precise /Zc:wchar_t /Zc:forScope /Fo"Release\\" /Fd"Release\vc100.pdb" /Gd /TP /analyze- /errorReport:prompt example1.cpp InitShader.cpp
         example1.cpp
     1>f:\documents\opengl\demo\Angel.h(63): warning C4305: “初始化”: 从“double”到“const GLfloat”截断
     1>f:\documents\opengl\demo\mat.h(698): warning C4244: “=”: 从“double”转换到“GLfloat”，可能丢失数据
     1>f:\documents\opengl\demo\mat.h(699): warning C4244: “=”: 从“double”转换到“GLfloat”，可能丢失数据
     1>f:\documents\opengl\demo\mat.h(700): warning C4244: “=”: 从“double”转换到“GLfloat”，可能丢失数据
     1>f:\documents\opengl\demo\mat.h(721): warning C4244: “=”: 从“double”转换到“GLfloat”，可能丢失数据
     1>f:\documents\opengl\demo\mat.h(723): warning C4244: “=”: 从“double”转换到“GLfloat”，可能丢失数据
     1>f:\documents\opengl\demo\mat.h(726): warning C4244: “=”: 从“double”转换到“GLfloat”，可能丢失数据
     1>f:\documents\opengl\demo\mat.h(743): warning C4244: “=”: 从“double”转换到“GLfloat”，可能丢失数据
         InitShader.cpp
     1>f:\documents\opengl\demo\Angel.h(63): warning C4305: “初始化”: 从“double”到“const GLfloat”截断
     1>f:\documents\opengl\demo\mat.h(698): warning C4244: “=”: 从“double”转换到“GLfloat”，可能丢失数据
     1>f:\documents\opengl\demo\mat.h(699): warning C4244: “=”: 从“double”转换到“GLfloat”，可能丢失数据
     1>f:\documents\opengl\demo\mat.h(700): warning C4244: “=”: 从“double”转换到“GLfloat”，可能丢失数据
     1>f:\documents\opengl\demo\mat.h(721): warning C4244: “=”: 从“double”转换到“GLfloat”，可能丢失数据
     1>f:\documents\opengl\demo\mat.h(723): warning C4244: “=”: 从“double”转换到“GLfloat”，可能丢失数据
     1>f:\documents\opengl\demo\mat.h(726): warning C4244: “=”: 从“double”转换到“GLfloat”，可能丢失数据
     1>f:\documents\opengl\demo\mat.h(743): warning C4244: “=”: 从“double”转换到“GLfloat”，可能丢失数据
     1>InitShader.cpp(10): warning C4996: 'fopen': This function or variable may be unsafe. Consider using fopen_s instead. To disable deprecation, use _CRT_SECURE_NO_WARNINGS. See online help for details.
                 D:\Program Files (x86)\Microsoft Visual Studio 10.0\VC\include\stdio.h(234) : 参见“fopen”的声明
       Link:
         D:\Program Files (x86)\Microsoft Visual Studio 10.0\VC\bin\link.exe /ERRORREPORT:PROMPT /OUT:"F:\Documents\OpenGL\demo\Release\demo.exe" /INCREMENTAL:NO /NOLOGO /LIBPATH:F:\Documents\OpenGL\freeglut\lib /LIBPATH:"F:\Documents\OpenGL\glew-1.11.0\lib" kernel32.lib user32.lib gdi32.lib winspool.lib comdlg32.lib advapi32.lib shell32.lib ole32.lib oleaut32.lib uuid.lib odbc32.lib odbccp32.lib /MANIFEST /ManifestFile:"Release\demo.exe.intermediate.manifest" /MANIFESTUAC:"level='asInvoker' uiAccess='false'" /DEBUG /PDB:"F:\Documents\OpenGL\demo\Release\demo.pdb" /SUBSYSTEM:CONSOLE /OPT:REF /OPT:ICF /LTCG /TLBID:1 /DYNAMICBASE /NXCOMPAT /IMPLIB:"F:\Documents\OpenGL\demo\Release\demo.lib" /MACHINE:X86 Release\example1.obj
         Release\InitShader.obj
         正在生成代码
         已完成代码的生成
         demo.vcxproj -> F:\Documents\OpenGL\demo\Release\demo.exe
       Manifest:
         C:\Program Files (x86)\Microsoft SDKs\Windows\v7.0A\bin\mt.exe /nologo /verbose /outputresource:"F:\Documents\OpenGL\demo\Release\demo.exe;#1" /manifest Release\demo.exe.intermediate.manifest
       FinalizeBuildStatus:
         正在删除文件“Release\demo.unsuccessfulbuild”。
         正在对“Release\demo.lastbuildstate”执行 Touch 任务。
     1>已完成生成项目“F:\Documents\OpenGL\demo\demo.vcxproj”(build 个目标)的操作。

生成成功。

已用时间 00:00:02.13
