F:\Documents\OpenGL\demo\Debug\cl.command.1.tlog
F:\Documents\OpenGL\demo\Debug\CL.read.1.tlog
F:\Documents\OpenGL\demo\Debug\CL.write.1.tlog
F:\DOCUMENTS\OPENGL\DEMO\DEBUG\DEMO.EXE
F:\DOCUMENTS\OPENGL\DEMO\DEBUG\DEMO.EXE.EMBED.MANIFEST
F:\DOCUMENTS\OPENGL\DEMO\DEBUG\DEMO.EXE.EMBED.MANIFEST.RES
F:\DOCUMENTS\OPENGL\DEMO\DEBUG\DEMO.EXE.INTERMEDIATE.MANIFEST
F:\DOCUMENTS\OPENGL\DEMO\DEBUG\DEMO.ILK
F:\DOCUMENTS\OPENGL\DEMO\DEBUG\DEMO.PDB
F:\Documents\OpenGL\demo\Debug\demo.vcxprojResolveAssemblyReference.cache
F:\Documents\OpenGL\demo\Debug\demo.write.1.tlog
F:\Documents\OpenGL\demo\Debug\demo_manifest.rc
F:\DOCUMENTS\OPENGL\DEMO\DEBUG\EXAMPLE1.OBJ
F:\DOCUMENTS\OPENGL\DEMO\DEBUG\INITSHADER.OBJ
F:\Documents\OpenGL\demo\Debug\link.6832.read.1.tlog
F:\Documents\OpenGL\demo\Debug\link.6832.write.1.tlog
F:\Documents\OpenGL\demo\Debug\link.6832-cvtres.read.1.tlog
F:\Documents\OpenGL\demo\Debug\link.6832-cvtres.write.1.tlog
F:\Documents\OpenGL\demo\Debug\link.command.1.tlog
F:\Documents\OpenGL\demo\Debug\link.read.1.tlog
F:\Documents\OpenGL\demo\Debug\link.write.1.tlog
F:\Documents\OpenGL\demo\Debug\link-cvtres.read.1.tlog
F:\Documents\OpenGL\demo\Debug\link-cvtres.write.1.tlog
F:\Documents\OpenGL\demo\Debug\mt.command.1.tlog
F:\Documents\OpenGL\demo\Debug\mt.read.1.tlog
F:\Documents\OpenGL\demo\Debug\mt.write.1.tlog
F:\Documents\OpenGL\demo\Debug\rc.command.1.tlog
F:\Documents\OpenGL\demo\Debug\rc.read.1.tlog
F:\Documents\OpenGL\demo\Debug\rc.write.1.tlog
F:\Documents\OpenGL\demo\Debug\vc100.idb
F:\DOCUMENTS\OPENGL\DEMO\DEBUG\VC100.PDB
