生成启动时间为 2014/9/19 21:33:20。
     1>项目“F:\Documents\OpenGL\demo\demo.vcxproj”在节点 2 上(build 个目标)。
     1>InitializeBuildStatus:
         正在创建“Debug\demo.unsuccessfulbuild”，因为已指定“AlwaysCreate”。
       ClCompile:
         D:\Program Files (x86)\Microsoft Visual Studio 10.0\VC\bin\CL.exe /c /ZI /nologo /W3 /WX- /Od /Oy- /D WIN32 /D _DEBUG /D _CONSOLE /D _UNICODE /D UNICODE /Gm /EHsc /RTC1 /MDd /GS /fp:precise /Zc:wchar_t /Zc:forScope /Fo"Debug\\" /Fd"Debug\vc100.pdb" /Gd /TP /analyze- /errorReport:prompt example1.cpp
         example1.cpp
     1>f:\documents\opengl\demo\angel.h(63): warning C4305: “初始化”: 从“double”到“const GLfloat”截断
     1>f:\documents\opengl\demo\mat.h(698): warning C4244: “=”: 从“double”转换到“GLfloat”，可能丢失数据
     1>f:\documents\opengl\demo\mat.h(699): warning C4244: “=”: 从“double”转换到“GLfloat”，可能丢失数据
     1>f:\documents\opengl\demo\mat.h(700): warning C4244: “=”: 从“double”转换到“GLfloat”，可能丢失数据
     1>f:\documents\opengl\demo\mat.h(721): warning C4244: “=”: 从“double”转换到“GLfloat”，可能丢失数据
     1>f:\documents\opengl\demo\mat.h(723): warning C4244: “=”: 从“double”转换到“GLfloat”，可能丢失数据
     1>f:\documents\opengl\demo\mat.h(726): warning C4244: “=”: 从“double”转换到“GLfloat”，可能丢失数据
     1>f:\documents\opengl\demo\mat.h(743): warning C4244: “=”: 从“double”转换到“GLfloat”，可能丢失数据
       ManifestResourceCompile:
         所有输出均为最新。
       Link:
         D:\Program Files (x86)\Microsoft Visual Studio 10.0\VC\bin\link.exe /ERRORREPORT:PROMPT /OUT:"F:\Documents\OpenGL\demo\Debug\demo.exe" /INCREMENTAL /NOLOGO freeglut.lib glew32.lib kernel32.lib user32.lib gdi32.lib winspool.lib comdlg32.lib advapi32.lib shell32.lib ole32.lib oleaut32.lib uuid.lib odbc32.lib odbccp32.lib /MANIFEST /ManifestFile:"Debug\demo.exe.intermediate.manifest" /MANIFESTUAC:"level='asInvoker' uiAccess='false'" /DEBUG /PDB:"F:\Documents\OpenGL\demo\Debug\demo.pdb" /SUBSYSTEM:CONSOLE /TLBID:1 /DYNAMICBASE /NXCOMPAT /IMPLIB:"F:\Documents\OpenGL\demo\Debug\demo.lib" /MACHINE:X86 Debug\demo.exe.embed.manifest.res
         Debug\example1.obj
         Debug\InitShader.obj
       Manifest:
         C:\Program Files (x86)\Microsoft SDKs\Windows\v7.0A\bin\mt.exe /nologo /verbose /out:"Debug\demo.exe.embed.manifest" /manifest Debug\demo.exe.intermediate.manifest
         所有输出均为最新。
       LinkEmbedManifest:
         所有输出均为最新。
         demo.vcxproj -> F:\Documents\OpenGL\demo\Debug\demo.exe
       FinalizeBuildStatus:
         正在删除文件“Debug\demo.unsuccessfulbuild”。
         正在对“Debug\demo.lastbuildstate”执行 Touch 任务。
     1>已完成生成项目“F:\Documents\OpenGL\demo\demo.vcxproj”(build 个目标)的操作。

生成成功。

已用时间 00:00:01.71
